<?xml version="1.0" encoding="UTF-8"?>
<beans xmlns="http://www.springframework.org/schema/beans"
	xmlns:xsi="http://www.w3.org/2001/XMLSchema-instance"
	xmlns:context="http://www.springframework.org/schema/context"
	xsi:schemaLocation="http://www.springframework.org/schema/beans
	http://www.springframework.org/schema/beans/spring-beans-3.0.xsd
	http://www.springframework.org/schema/context http://www.springframework.org/schema/context/spring-context-3.0.xsd">


    <!-- use applicationProperties to resolve ${property} references -->
    <bean class="org.springframework.beans.factory.config.PropertyPlaceholderConfigurer">
        <property name="locations">
            <list>
                <value>classpath:biblioService2-test.properties</value>
            </list>
        </property>
    </bean>

    <!-- this bean allows me to enter dates in dd/MM/yyyy format -->
    <bean id="customEditorConfigurer"
    class="org.springframework.beans.factory.config.CustomEditorConfigurer">
        <property name="customEditors">
            <map>
                <entry key="java.util.Date">
                    <bean class="org.springframework.beans.propertyeditors.CustomDateEditor">
                        <constructor-arg index="0">
                            <bean class="java.text.SimpleDateFormat">
                                <constructor-arg value="dd/MM/yyyy"/>
                            </bean>
                        </constructor-arg>
                        <constructor-arg index="1" value="false"/>
                    </bean>
                </entry>
            </map>
        </property>
    </bean>

    <!-- dataSource -->
    <bean id="dataSource" class="org.apache.commons.dbcp.BasicDataSource">
        <property name="driverClassName" value="${jdbc.driver.class}" />
        <property name="url" value="${jdbc.connection.url}" />
        <property name="username" value="${jdbc.username}" />
        <property name="password" value="${jdbc.password}" />
    </bean>

    <!-- entityManagerFactory -->
    <bean id="entityManagerFactory" class="org.springframework.orm.jpa.LocalContainerEntityManagerFactoryBean">
        <property name="dataSource" ref="dataSource" />
        <property name="jpaVendorAdapter">
            <bean  class="org.springframework.orm.jpa.vendor.HibernateJpaVendorAdapter">
                <property name="database" value="MYSQL" />
                <property name="databasePlatform" value="${hibernate.dialect}" />
                <property name="showSql" value="${hibernate.show.sql}" />
                <property name="generateDdl" value="false" />
            </bean>
        </property>
    </bean>

	<bean id="transactionManager" class="org.springframework.orm.jpa.JpaTransactionManager">
	   <property name="entityManagerFactory" ref="entityManagerFactory"/>
	   <property name="dataSource" ref="dataSource"/>
	   <property name="jpaDialect">
			<bean class="org.springframework.orm.jpa.vendor.HibernateJpaDialect"/>
	   </property>
	   <qualifier value="biblioServiceTest2"/>	   
	</bean>
	
	<bean id="bookService" class="com.sow.biblio.service.BookService">
	</bean>
    
</beans>